<?xml version="1.0" encoding="UTF-8"?>
<!-- Generated by org.testng.reporters.JUnitReportReporter -->
<testsuite hostname="DESKTOP-9UL3VCG" failures="0" tests="3" name="Test.java.TestNG_ex" time="0.017" errors="0" timestamp="2024-01-18T22:30:53 IST" skipped="0">
  <testcase classname="Test.java.TestNG_ex" name="demo3" time="0.002"/>
  <testcase classname="Test.java.TestNG_ex" name="demo2" time="0.002"/>
  <testcase classname="Test.java.TestNG_ex" name="demo" time="0.013"/>
</testsuite> <!-- Test.java.TestNG_ex -->
